The system is: Linux - 3.19.0-18-generic - i686
Compiling the C compiler identification source file "CMakeCCompilerId.c" succeeded.
Compiler: /usr/bin/cc 
Build flags: 
Id flags: 

The output was:
0


Compilation of the C compiler identification source "CMakeCCompilerId.c" produced "a.out"

The C compiler identification is GNU, found in "/home/chengque/catkin_ws/build_isolated/libmavconn/CMakeFiles/3.0.2/CompilerIdC/a.out"

Compiling the CXX compiler identification source file "CMakeCXXCompilerId.cpp" succeeded.
Compiler: /usr/bin/c++ 
Build flags: 
Id flags: 

The output was:
0


Compilation of the CXX compiler identification source "CMakeCXXCompilerId.cpp" produced "a.out"

The CXX compiler identification is GNU, found in "/home/chengque/catkin_ws/build_isolated/libmavconn/CMakeFiles/3.0.2/CompilerIdCXX/a.out"

Determining if the C compiler works passed with the following output:
Change Dir: /home/chengque/catkin_ws/build_isolated/libmavconn/CMakeFiles/CMakeTmp

Run Build Command:"/usr/bin/make" "cmTryCompileExec98833682/fast"
/usr/bin/make -f CMakeFiles/cmTryCompileExec98833682.dir/build.make CMakeFiles/cmTryCompileExec98833682.dir/build
make[1]: Entering directory '/home/chengque/catkin_ws/build_isolated/libmavconn/CMakeFiles/CMakeTmp'
/usr/bin/cmake -E cmake_progress_report /home/chengque/catkin_ws/build_isolated/libmavconn/CMakeFiles/CMakeTmp/CMakeFiles 1
Building C object CMakeFiles/cmTryCompileExec98833682.dir/testCCompiler.c.o
/usr/bin/cc    -o CMakeFiles/cmTryCompileExec98833682.dir/testCCompiler.c.o   -c /home/chengque/catkin_ws/build_isolated/libmavconn/CMakeFiles/CMakeTmp/testCCompiler.c
Linking C executable cmTryCompileExec98833682
/usr/bin/cmake -E cmake_link_script CMakeFiles/cmTryCompileExec98833682.dir/link.txt --verbose=1
/usr/bin/cc       CMakeFiles/cmTryCompileExec98833682.dir/testCCompiler.c.o  -o cmTryCompileExec98833682 -rdynamic 
make[1]: Leaving directory '/home/chengque/catkin_ws/build_isolated/libmavconn/CMakeFiles/CMakeTmp'


Detecting C compiler ABI info compiled with the following output:
Change Dir: /home/chengque/catkin_ws/build_isolated/libmavconn/CMakeFiles/CMakeTmp

Run Build Command:"/usr/bin/make" "cmTryCompileExec3818959738/fast"
/usr/bin/make -f CMakeFiles/cmTryCompileExec3818959738.dir/build.make CMakeFiles/cmTryCompileExec3818959738.dir/build
make[1]: Entering directory '/home/chengque/catkin_ws/build_isolated/libmavconn/CMakeFiles/CMakeTmp'
/usr/bin/cmake -E cmake_progress_report /home/chengque/catkin_ws/build_isolated/libmavconn/CMakeFiles/CMakeTmp/CMakeFiles 1
Building C object CMakeFiles/cmTryCompileExec3818959738.dir/CMakeCCompilerABI.c.o
/usr/bin/cc    -o CMakeFiles/cmTryCompileExec3818959738.dir/CMakeCCompilerABI.c.o   -c /usr/share/cmake-3.0/Modules/CMakeCCompilerABI.c
Linking C executable cmTryCompileExec3818959738
/usr/bin/cmake -E cmake_link_script CMakeFiles/cmTryCompileExec3818959738.dir/link.txt --verbose=1
/usr/bin/cc     -v CMakeFiles/cmTryCompileExec3818959738.dir/CMakeCCompilerABI.c.o  -o cmTryCompileExec3818959738 -rdynamic  
Using built-in specs.
COLLECT_GCC=/usr/bin/cc
COLLECT_LTO_WRAPPER=/usr/lib/gcc/i686-linux-gnu/4.9/lto-wrapper
Target: i686-linux-gnu
Configured with: ../src/configure -v --with-pkgversion='Ubuntu 4.9.2-10ubuntu13' --with-bugurl=file:///usr/share/doc/gcc-4.9/README.Bugs --enable-languages=c,c++,java,go,d,fortran,objc,obj-c++ --prefix=/usr --program-suffix=-4.9 --enable-shared --enable-linker-build-id --libexecdir=/usr/lib --without-included-gettext --enable-threads=posix --with-gxx-include-dir=/usr/include/c++/4.9 --libdir=/usr/lib --enable-nls --with-sysroot=/ --enable-clocale=gnu --enable-libstdcxx-debug --enable-libstdcxx-time=yes --enable-gnu-unique-object --disable-vtable-verify --enable-plugin --with-system-zlib --disable-browser-plugin --enable-java-awt=gtk --enable-gtk-cairo --with-java-home=/usr/lib/jvm/java-1.5.0-gcj-4.9-i386/jre --enable-java-home --with-jvm-root-dir=/usr/lib/jvm/java-1.5.0-gcj-4.9-i386 --with-jvm-jar-dir=/usr/lib/jvm-exports/java-1.5.0-gcj-4.9-i386 --with-arch-directory=i386 --with-ecj-jar=/usr/share/java/eclipse-ecj.jar --enable-objc-gc --enable-targets=all --enable-multiarch --disable-werror --with-arch-32=i686 --with-multilib-list=m32,m64,mx32 --enable-multilib --with-tune=generic --enable-checking=release --build=i686-linux-gnu --host=i686-linux-gnu --target=i686-linux-gnu
Thread model: posix
gcc version 4.9.2 (Ubuntu 4.9.2-10ubuntu13) 
COMPILER_PATH=/usr/lib/gcc/i686-linux-gnu/4.9/:/usr/lib/gcc/i686-linux-gnu/4.9/:/usr/lib/gcc/i686-linux-gnu/:/usr/lib/gcc/i686-linux-gnu/4.9/:/usr/lib/gcc/i686-linux-gnu/
LIBRARY_PATH=/usr/lib/gcc/i686-linux-gnu/4.9/:/usr/lib/gcc/i686-linux-gnu/4.9/../../../i386-linux-gnu/:/usr/lib/gcc/i686-linux-gnu/4.9/../../../../lib/:/lib/i386-linux-gnu/:/lib/../lib/:/usr/lib/i386-linux-gnu/:/usr/lib/../lib/:/usr/lib/gcc/i686-linux-gnu/4.9/../../../:/lib/:/usr/lib/
COLLECT_GCC_OPTIONS='-v' '-o' 'cmTryCompileExec3818959738' '-rdynamic' '-mtune=generic' '-march=i686'
 /usr/lib/gcc/i686-linux-gnu/4.9/collect2 -plugin /usr/lib/gcc/i686-linux-gnu/4.9/liblto_plugin.so -plugin-opt=/usr/lib/gcc/i686-linux-gnu/4.9/lto-wrapper -plugin-opt=-fresolution=/tmp/ccV4rm0s.res -plugin-opt=-pass-through=-lgcc -plugin-opt=-pass-through=-lgcc_s -plugin-opt=-pass-through=-lc -plugin-opt=-pass-through=-lgcc -plugin-opt=-pass-through=-lgcc_s --sysroot=/ --build-id --eh-frame-hdr -m elf_i386 --hash-style=gnu --as-needed -export-dynamic -dynamic-linker /lib/ld-linux.so.2 -z relro -o cmTryCompileExec3818959738 /usr/lib/gcc/i686-linux-gnu/4.9/../../../i386-linux-gnu/crt1.o /usr/lib/gcc/i686-linux-gnu/4.9/../../../i386-linux-gnu/crti.o /usr/lib/gcc/i686-linux-gnu/4.9/crtbegin.o -L/usr/lib/gcc/i686-linux-gnu/4.9 -L/usr/lib/gcc/i686-linux-gnu/4.9/../../../i386-linux-gnu -L/usr/lib/gcc/i686-linux-gnu/4.9/../../../../lib -L/lib/i386-linux-gnu -L/lib/../lib -L/usr/lib/i386-linux-gnu -L/usr/lib/../lib -L/usr/lib/gcc/i686-linux-gnu/4.9/../../.. CMakeFiles/cmTryCompileExec3818959738.dir/CMakeCCompilerABI.c.o -lgcc --as-needed -lgcc_s --no-as-needed -lc -lgcc --as-needed -lgcc_s --no-as-needed /usr/lib/gcc/i686-linux-gnu/4.9/crtend.o /usr/lib/gcc/i686-linux-gnu/4.9/../../../i386-linux-gnu/crtn.o
make[1]: Leaving directory '/home/chengque/catkin_ws/build_isolated/libmavconn/CMakeFiles/CMakeTmp'


Parsed C implicit link information from above output:
  link line regex: [^( *|.*[/\])(ld|([^/\]+-)?ld|collect2)[^/\]*( |$)]
  ignore line: [Change Dir: /home/chengque/catkin_ws/build_isolated/libmavconn/CMakeFiles/CMakeTmp]
  ignore line: []
  ignore line: [Run Build Command:"/usr/bin/make" "cmTryCompileExec3818959738/fast"]
  ignore line: [/usr/bin/make -f CMakeFiles/cmTryCompileExec3818959738.dir/build.make CMakeFiles/cmTryCompileExec3818959738.dir/build]
  ignore line: [make[1]: Entering directory '/home/chengque/catkin_ws/build_isolated/libmavconn/CMakeFiles/CMakeTmp']
  ignore line: [/usr/bin/cmake -E cmake_progress_report /home/chengque/catkin_ws/build_isolated/libmavconn/CMakeFiles/CMakeTmp/CMakeFiles 1]
  ignore line: [Building C object CMakeFiles/cmTryCompileExec3818959738.dir/CMakeCCompilerABI.c.o]
  ignore line: [/usr/bin/cc    -o CMakeFiles/cmTryCompileExec3818959738.dir/CMakeCCompilerABI.c.o   -c /usr/share/cmake-3.0/Modules/CMakeCCompilerABI.c]
  ignore line: [Linking C executable cmTryCompileExec3818959738]
  ignore line: [/usr/bin/cmake -E cmake_link_script CMakeFiles/cmTryCompileExec3818959738.dir/link.txt --verbose=1]
  ignore line: [/usr/bin/cc     -v CMakeFiles/cmTryCompileExec3818959738.dir/CMakeCCompilerABI.c.o  -o cmTryCompileExec3818959738 -rdynamic  ]
  ignore line: [Using built-in specs.]
  ignore line: [COLLECT_GCC=/usr/bin/cc]
  ignore line: [COLLECT_LTO_WRAPPER=/usr/lib/gcc/i686-linux-gnu/4.9/lto-wrapper]
  ignore line: [Target: i686-linux-gnu]
  ignore line: [Configured with: ../src/configure -v --with-pkgversion='Ubuntu 4.9.2-10ubuntu13' --with-bugurl=file:///usr/share/doc/gcc-4.9/README.Bugs --enable-languages=c,c++,java,go,d,fortran,objc,obj-c++ --prefix=/usr --program-suffix=-4.9 --enable-shared --enable-linker-build-id --libexecdir=/usr/lib --without-included-gettext --enable-threads=posix --with-gxx-include-dir=/usr/include/c++/4.9 --libdir=/usr/lib --enable-nls --with-sysroot=/ --enable-clocale=gnu --enable-libstdcxx-debug --enable-libstdcxx-time=yes --enable-gnu-unique-object --disable-vtable-verify --enable-plugin --with-system-zlib --disable-browser-plugin --enable-java-awt=gtk --enable-gtk-cairo --with-java-home=/usr/lib/jvm/java-1.5.0-gcj-4.9-i386/jre --enable-java-home --with-jvm-root-dir=/usr/lib/jvm/java-1.5.0-gcj-4.9-i386 --with-jvm-jar-dir=/usr/lib/jvm-exports/java-1.5.0-gcj-4.9-i386 --with-arch-directory=i386 --with-ecj-jar=/usr/share/java/eclipse-ecj.jar --enable-objc-gc --enable-targets=all --enable-multiarch --disable-werror --with-arch-32=i686 --with-multilib-list=m32,m64,mx32 --enable-multilib --with-tune=generic --enable-checking=release --build=i686-linux-gnu --host=i686-linux-gnu --target=i686-linux-gnu]
  ignore line: [Thread model: posix]
  ignore line: [gcc version 4.9.2 (Ubuntu 4.9.2-10ubuntu13) ]
  ignore line: [COMPILER_PATH=/usr/lib/gcc/i686-linux-gnu/4.9/:/usr/lib/gcc/i686-linux-gnu/4.9/:/usr/lib/gcc/i686-linux-gnu/:/usr/lib/gcc/i686-linux-gnu/4.9/:/usr/lib/gcc/i686-linux-gnu/]
  ignore line: [LIBRARY_PATH=/usr/lib/gcc/i686-linux-gnu/4.9/:/usr/lib/gcc/i686-linux-gnu/4.9/../../../i386-linux-gnu/:/usr/lib/gcc/i686-linux-gnu/4.9/../../../../lib/:/lib/i386-linux-gnu/:/lib/../lib/:/usr/lib/i386-linux-gnu/:/usr/lib/../lib/:/usr/lib/gcc/i686-linux-gnu/4.9/../../../:/lib/:/usr/lib/]
  ignore line: [COLLECT_GCC_OPTIONS='-v' '-o' 'cmTryCompileExec3818959738' '-rdynamic' '-mtune=generic' '-march=i686']
  link line: [ /usr/lib/gcc/i686-linux-gnu/4.9/collect2 -plugin /usr/lib/gcc/i686-linux-gnu/4.9/liblto_plugin.so -plugin-opt=/usr/lib/gcc/i686-linux-gnu/4.9/lto-wrapper -plugin-opt=-fresolution=/tmp/ccV4rm0s.res -plugin-opt=-pass-through=-lgcc -plugin-opt=-pass-through=-lgcc_s -plugin-opt=-pass-through=-lc -plugin-opt=-pass-through=-lgcc -plugin-opt=-pass-through=-lgcc_s --sysroot=/ --build-id --eh-frame-hdr -m elf_i386 --hash-style=gnu --as-needed -export-dynamic -dynamic-linker /lib/ld-linux.so.2 -z relro -o cmTryCompileExec3818959738 /usr/lib/gcc/i686-linux-gnu/4.9/../../../i386-linux-gnu/crt1.o /usr/lib/gcc/i686-linux-gnu/4.9/../../../i386-linux-gnu/crti.o /usr/lib/gcc/i686-linux-gnu/4.9/crtbegin.o -L/usr/lib/gcc/i686-linux-gnu/4.9 -L/usr/lib/gcc/i686-linux-gnu/4.9/../../../i386-linux-gnu -L/usr/lib/gcc/i686-linux-gnu/4.9/../../../../lib -L/lib/i386-linux-gnu -L/lib/../lib -L/usr/lib/i386-linux-gnu -L/usr/lib/../lib -L/usr/lib/gcc/i686-linux-gnu/4.9/../../.. CMakeFiles/cmTryCompileExec3818959738.dir/CMakeCCompilerABI.c.o -lgcc --as-needed -lgcc_s --no-as-needed -lc -lgcc --as-needed -lgcc_s --no-as-needed /usr/lib/gcc/i686-linux-gnu/4.9/crtend.o /usr/lib/gcc/i686-linux-gnu/4.9/../../../i386-linux-gnu/crtn.o]
    arg [/usr/lib/gcc/i686-linux-gnu/4.9/collect2] ==> ignore
    arg [-plugin] ==> ignore
    arg [/usr/lib/gcc/i686-linux-gnu/4.9/liblto_plugin.so] ==> ignore
    arg [-plugin-opt=/usr/lib/gcc/i686-linux-gnu/4.9/lto-wrapper] ==> ignore
    arg [-plugin-opt=-fresolution=/tmp/ccV4rm0s.res] ==> ignore
    arg [-plugin-opt=-pass-through=-lgcc] ==> ignore
    arg [-plugin-opt=-pass-through=-lgcc_s] ==> ignore
    arg [-plugin-opt=-pass-through=-lc] ==> ignore
    arg [-plugin-opt=-pass-through=-lgcc] ==> ignore
    arg [-plugin-opt=-pass-through=-lgcc_s] ==> ignore
    arg [--sysroot=/] ==> ignore
    arg [--build-id] ==> ignore
    arg [--eh-frame-hdr] ==> ignore
    arg [-m] ==> ignore
    arg [elf_i386] ==> ignore
    arg [--hash-style=gnu] ==> ignore
    arg [--as-needed] ==> ignore
    arg [-export-dynamic] ==> ignore
    arg [-dynamic-linker] ==> ignore
    arg [/lib/ld-linux.so.2] ==> ignore
    arg [-zrelro] ==> ignore
    arg [-o] ==> ignore
    arg [cmTryCompileExec3818959738] ==> ignore
    arg [/usr/lib/gcc/i686-linux-gnu/4.9/../../../i386-linux-gnu/crt1.o] ==> ignore
    arg [/usr/lib/gcc/i686-linux-gnu/4.9/../../../i386-linux-gnu/crti.o] ==> ignore
    arg [/usr/lib/gcc/i686-linux-gnu/4.9/crtbegin.o] ==> ignore
    arg [-L/usr/lib/gcc/i686-linux-gnu/4.9] ==> dir [/usr/lib/gcc/i686-linux-gnu/4.9]
    arg [-L/usr/lib/gcc/i686-linux-gnu/4.9/../../../i386-linux-gnu] ==> dir [/usr/lib/gcc/i686-linux-gnu/4.9/../../../i386-linux-gnu]
    arg [-L/usr/lib/gcc/i686-linux-gnu/4.9/../../../../lib] ==> dir [/usr/lib/gcc/i686-linux-gnu/4.9/../../../../lib]
    arg [-L/lib/i386-linux-gnu] ==> dir [/lib/i386-linux-gnu]
    arg [-L/lib/../lib] ==> dir [/lib/../lib]
    arg [-L/usr/lib/i386-linux-gnu] ==> dir [/usr/lib/i386-linux-gnu]
    arg [-L/usr/lib/../lib] ==> dir [/usr/lib/../lib]
    arg [-L/usr/lib/gcc/i686-linux-gnu/4.9/../../..] ==> dir [/usr/lib/gcc/i686-linux-gnu/4.9/../../..]
    arg [CMakeFiles/cmTryCompileExec3818959738.dir/CMakeCCompilerABI.c.o] ==> ignore
    arg [-lgcc] ==> lib [gcc]
    arg [--as-needed] ==> ignore
    arg [-lgcc_s] ==> lib [gcc_s]
    arg [--no-as-needed] ==> ignore
    arg [-lc] ==> lib [c]
    arg [-lgcc] ==> lib [gcc]
    arg [--as-needed] ==> ignore
    arg [-lgcc_s] ==> lib [gcc_s]
    arg [--no-as-needed] ==> ignore
    arg [/usr/lib/gcc/i686-linux-gnu/4.9/crtend.o] ==> ignore
    arg [/usr/lib/gcc/i686-linux-gnu/4.9/../../../i386-linux-gnu/crtn.o] ==> ignore
  remove lib [gcc]
  remove lib [gcc_s]
  remove lib [gcc]
  remove lib [gcc_s]
  collapse library dir [/usr/lib/gcc/i686-linux-gnu/4.9] ==> [/usr/lib/gcc/i686-linux-gnu/4.9]
  collapse library dir [/usr/lib/gcc/i686-linux-gnu/4.9/../../../i386-linux-gnu] ==> [/usr/lib/i386-linux-gnu]
  collapse library dir [/usr/lib/gcc/i686-linux-gnu/4.9/../../../../lib] ==> [/usr/lib]
  collapse library dir [/lib/i386-linux-gnu] ==> [/lib/i386-linux-gnu]
  collapse library dir [/lib/../lib] ==> [/lib]
  collapse library dir [/usr/lib/i386-linux-gnu] ==> [/usr/lib/i386-linux-gnu]
  collapse library dir [/usr/lib/../lib] ==> [/usr/lib]
  collapse library dir [/usr/lib/gcc/i686-linux-gnu/4.9/../../..] ==> [/usr/lib]
  implicit libs: [c]
  implicit dirs: [/usr/lib/gcc/i686-linux-gnu/4.9;/usr/lib/i386-linux-gnu;/usr/lib;/lib/i386-linux-gnu;/lib]
  implicit fwks: []


Determining if the CXX compiler works passed with the following output:
Change Dir: /home/chengque/catkin_ws/build_isolated/libmavconn/CMakeFiles/CMakeTmp

Run Build Command:"/usr/bin/make" "cmTryCompileExec3823352199/fast"
/usr/bin/make -f CMakeFiles/cmTryCompileExec3823352199.dir/build.make CMakeFiles/cmTryCompileExec3823352199.dir/build
make[1]: Entering directory '/home/chengque/catkin_ws/build_isolated/libmavconn/CMakeFiles/CMakeTmp'
/usr/bin/cmake -E cmake_progress_report /home/chengque/catkin_ws/build_isolated/libmavconn/CMakeFiles/CMakeTmp/CMakeFiles 1
Building CXX object CMakeFiles/cmTryCompileExec3823352199.dir/testCXXCompiler.cxx.o
/usr/bin/c++     -o CMakeFiles/cmTryCompileExec3823352199.dir/testCXXCompiler.cxx.o -c /home/chengque/catkin_ws/build_isolated/libmavconn/CMakeFiles/CMakeTmp/testCXXCompiler.cxx
Linking CXX executable cmTryCompileExec3823352199
/usr/bin/cmake -E cmake_link_script CMakeFiles/cmTryCompileExec3823352199.dir/link.txt --verbose=1
/usr/bin/c++        CMakeFiles/cmTryCompileExec3823352199.dir/testCXXCompiler.cxx.o  -o cmTryCompileExec3823352199 -rdynamic 
make[1]: Leaving directory '/home/chengque/catkin_ws/build_isolated/libmavconn/CMakeFiles/CMakeTmp'


Detecting CXX compiler ABI info compiled with the following output:
Change Dir: /home/chengque/catkin_ws/build_isolated/libmavconn/CMakeFiles/CMakeTmp

Run Build Command:"/usr/bin/make" "cmTryCompileExec3475258866/fast"
/usr/bin/make -f CMakeFiles/cmTryCompileExec3475258866.dir/build.make CMakeFiles/cmTryCompileExec3475258866.dir/build
make[1]: Entering directory '/home/chengque/catkin_ws/build_isolated/libmavconn/CMakeFiles/CMakeTmp'
/usr/bin/cmake -E cmake_progress_report /home/chengque/catkin_ws/build_isolated/libmavconn/CMakeFiles/CMakeTmp/CMakeFiles 1
Building CXX object CMakeFiles/cmTryCompileExec3475258866.dir/CMakeCXXCompilerABI.cpp.o
/usr/bin/c++     -o CMakeFiles/cmTryCompileExec3475258866.dir/CMakeCXXCompilerABI.cpp.o -c /usr/share/cmake-3.0/Modules/CMakeCXXCompilerABI.cpp
Linking CXX executable cmTryCompileExec3475258866
/usr/bin/cmake -E cmake_link_script CMakeFiles/cmTryCompileExec3475258866.dir/link.txt --verbose=1
/usr/bin/c++      -v CMakeFiles/cmTryCompileExec3475258866.dir/CMakeCXXCompilerABI.cpp.o  -o cmTryCompileExec3475258866 -rdynamic  
Using built-in specs.
COLLECT_GCC=/usr/bin/c++
COLLECT_LTO_WRAPPER=/usr/lib/gcc/i686-linux-gnu/4.9/lto-wrapper
Target: i686-linux-gnu
Configured with: ../src/configure -v --with-pkgversion='Ubuntu 4.9.2-10ubuntu13' --with-bugurl=file:///usr/share/doc/gcc-4.9/README.Bugs --enable-languages=c,c++,java,go,d,fortran,objc,obj-c++ --prefix=/usr --program-suffix=-4.9 --enable-shared --enable-linker-build-id --libexecdir=/usr/lib --without-included-gettext --enable-threads=posix --with-gxx-include-dir=/usr/include/c++/4.9 --libdir=/usr/lib --enable-nls --with-sysroot=/ --enable-clocale=gnu --enable-libstdcxx-debug --enable-libstdcxx-time=yes --enable-gnu-unique-object --disable-vtable-verify --enable-plugin --with-system-zlib --disable-browser-plugin --enable-java-awt=gtk --enable-gtk-cairo --with-java-home=/usr/lib/jvm/java-1.5.0-gcj-4.9-i386/jre --enable-java-home --with-jvm-root-dir=/usr/lib/jvm/java-1.5.0-gcj-4.9-i386 --with-jvm-jar-dir=/usr/lib/jvm-exports/java-1.5.0-gcj-4.9-i386 --with-arch-directory=i386 --with-ecj-jar=/usr/share/java/eclipse-ecj.jar --enable-objc-gc --enable-targets=all --enable-multiarch --disable-werror --with-arch-32=i686 --with-multilib-list=m32,m64,mx32 --enable-multilib --with-tune=generic --enable-checking=release --build=i686-linux-gnu --host=i686-linux-gnu --target=i686-linux-gnu
Thread model: posix
gcc version 4.9.2 (Ubuntu 4.9.2-10ubuntu13) 
COMPILER_PATH=/usr/lib/gcc/i686-linux-gnu/4.9/:/usr/lib/gcc/i686-linux-gnu/4.9/:/usr/lib/gcc/i686-linux-gnu/:/usr/lib/gcc/i686-linux-gnu/4.9/:/usr/lib/gcc/i686-linux-gnu/
LIBRARY_PATH=/usr/lib/gcc/i686-linux-gnu/4.9/:/usr/lib/gcc/i686-linux-gnu/4.9/../../../i386-linux-gnu/:/usr/lib/gcc/i686-linux-gnu/4.9/../../../../lib/:/lib/i386-linux-gnu/:/lib/../lib/:/usr/lib/i386-linux-gnu/:/usr/lib/../lib/:/usr/lib/gcc/i686-linux-gnu/4.9/../../../:/lib/:/usr/lib/
COLLECT_GCC_OPTIONS='-v' '-o' 'cmTryCompileExec3475258866' '-rdynamic' '-shared-libgcc' '-mtune=generic' '-march=i686'
 /usr/lib/gcc/i686-linux-gnu/4.9/collect2 -plugin /usr/lib/gcc/i686-linux-gnu/4.9/liblto_plugin.so -plugin-opt=/usr/lib/gcc/i686-linux-gnu/4.9/lto-wrapper -plugin-opt=-fresolution=/tmp/ccLmDkCB.res -plugin-opt=-pass-through=-lgcc_s -plugin-opt=-pass-through=-lgcc -plugin-opt=-pass-through=-lc -plugin-opt=-pass-through=-lgcc_s -plugin-opt=-pass-through=-lgcc --sysroot=/ --build-id --eh-frame-hdr -m elf_i386 --hash-style=gnu --as-needed -export-dynamic -dynamic-linker /lib/ld-linux.so.2 -z relro -o cmTryCompileExec3475258866 /usr/lib/gcc/i686-linux-gnu/4.9/../../../i386-linux-gnu/crt1.o /usr/lib/gcc/i686-linux-gnu/4.9/../../../i386-linux-gnu/crti.o /usr/lib/gcc/i686-linux-gnu/4.9/crtbegin.o -L/usr/lib/gcc/i686-linux-gnu/4.9 -L/usr/lib/gcc/i686-linux-gnu/4.9/../../../i386-linux-gnu -L/usr/lib/gcc/i686-linux-gnu/4.9/../../../../lib -L/lib/i386-linux-gnu -L/lib/../lib -L/usr/lib/i386-linux-gnu -L/usr/lib/../lib -L/usr/lib/gcc/i686-linux-gnu/4.9/../../.. CMakeFiles/cmTryCompileExec3475258866.dir/CMakeCXXCompilerABI.cpp.o -lstdc++ -lm -lgcc_s -lgcc -lc -lgcc_s -lgcc /usr/lib/gcc/i686-linux-gnu/4.9/crtend.o /usr/lib/gcc/i686-linux-gnu/4.9/../../../i386-linux-gnu/crtn.o
make[1]: Leaving directory '/home/chengque/catkin_ws/build_isolated/libmavconn/CMakeFiles/CMakeTmp'


Parsed CXX implicit link information from above output:
  link line regex: [^( *|.*[/\])(ld|([^/\]+-)?ld|collect2)[^/\]*( |$)]
  ignore line: [Change Dir: /home/chengque/catkin_ws/build_isolated/libmavconn/CMakeFiles/CMakeTmp]
  ignore line: []
  ignore line: [Run Build Command:"/usr/bin/make" "cmTryCompileExec3475258866/fast"]
  ignore line: [/usr/bin/make -f CMakeFiles/cmTryCompileExec3475258866.dir/build.make CMakeFiles/cmTryCompileExec3475258866.dir/build]
  ignore line: [make[1]: Entering directory '/home/chengque/catkin_ws/build_isolated/libmavconn/CMakeFiles/CMakeTmp']
  ignore line: [/usr/bin/cmake -E cmake_progress_report /home/chengque/catkin_ws/build_isolated/libmavconn/CMakeFiles/CMakeTmp/CMakeFiles 1]
  ignore line: [Building CXX object CMakeFiles/cmTryCompileExec3475258866.dir/CMakeCXXCompilerABI.cpp.o]
  ignore line: [/usr/bin/c++     -o CMakeFiles/cmTryCompileExec3475258866.dir/CMakeCXXCompilerABI.cpp.o -c /usr/share/cmake-3.0/Modules/CMakeCXXCompilerABI.cpp]
  ignore line: [Linking CXX executable cmTryCompileExec3475258866]
  ignore line: [/usr/bin/cmake -E cmake_link_script CMakeFiles/cmTryCompileExec3475258866.dir/link.txt --verbose=1]
  ignore line: [/usr/bin/c++      -v CMakeFiles/cmTryCompileExec3475258866.dir/CMakeCXXCompilerABI.cpp.o  -o cmTryCompileExec3475258866 -rdynamic  ]
  ignore line: [Using built-in specs.]
  ignore line: [COLLECT_GCC=/usr/bin/c++]
  ignore line: [COLLECT_LTO_WRAPPER=/usr/lib/gcc/i686-linux-gnu/4.9/lto-wrapper]
  ignore line: [Target: i686-linux-gnu]
  ignore line: [Configured with: ../src/configure -v --with-pkgversion='Ubuntu 4.9.2-10ubuntu13' --with-bugurl=file:///usr/share/doc/gcc-4.9/README.Bugs --enable-languages=c,c++,java,go,d,fortran,objc,obj-c++ --prefix=/usr --program-suffix=-4.9 --enable-shared --enable-linker-build-id --libexecdir=/usr/lib --without-included-gettext --enable-threads=posix --with-gxx-include-dir=/usr/include/c++/4.9 --libdir=/usr/lib --enable-nls --with-sysroot=/ --enable-clocale=gnu --enable-libstdcxx-debug --enable-libstdcxx-time=yes --enable-gnu-unique-object --disable-vtable-verify --enable-plugin --with-system-zlib --disable-browser-plugin --enable-java-awt=gtk --enable-gtk-cairo --with-java-home=/usr/lib/jvm/java-1.5.0-gcj-4.9-i386/jre --enable-java-home --with-jvm-root-dir=/usr/lib/jvm/java-1.5.0-gcj-4.9-i386 --with-jvm-jar-dir=/usr/lib/jvm-exports/java-1.5.0-gcj-4.9-i386 --with-arch-directory=i386 --with-ecj-jar=/usr/share/java/eclipse-ecj.jar --enable-objc-gc --enable-targets=all --enable-multiarch --disable-werror --with-arch-32=i686 --with-multilib-list=m32,m64,mx32 --enable-multilib --with-tune=generic --enable-checking=release --build=i686-linux-gnu --host=i686-linux-gnu --target=i686-linux-gnu]
  ignore line: [Thread model: posix]
  ignore line: [gcc version 4.9.2 (Ubuntu 4.9.2-10ubuntu13) ]
  ignore line: [COMPILER_PATH=/usr/lib/gcc/i686-linux-gnu/4.9/:/usr/lib/gcc/i686-linux-gnu/4.9/:/usr/lib/gcc/i686-linux-gnu/:/usr/lib/gcc/i686-linux-gnu/4.9/:/usr/lib/gcc/i686-linux-gnu/]
  ignore line: [LIBRARY_PATH=/usr/lib/gcc/i686-linux-gnu/4.9/:/usr/lib/gcc/i686-linux-gnu/4.9/../../../i386-linux-gnu/:/usr/lib/gcc/i686-linux-gnu/4.9/../../../../lib/:/lib/i386-linux-gnu/:/lib/../lib/:/usr/lib/i386-linux-gnu/:/usr/lib/../lib/:/usr/lib/gcc/i686-linux-gnu/4.9/../../../:/lib/:/usr/lib/]
  ignore line: [COLLECT_GCC_OPTIONS='-v' '-o' 'cmTryCompileExec3475258866' '-rdynamic' '-shared-libgcc' '-mtune=generic' '-march=i686']
  link line: [ /usr/lib/gcc/i686-linux-gnu/4.9/collect2 -plugin /usr/lib/gcc/i686-linux-gnu/4.9/liblto_plugin.so -plugin-opt=/usr/lib/gcc/i686-linux-gnu/4.9/lto-wrapper -plugin-opt=-fresolution=/tmp/ccLmDkCB.res -plugin-opt=-pass-through=-lgcc_s -plugin-opt=-pass-through=-lgcc -plugin-opt=-pass-through=-lc -plugin-opt=-pass-through=-lgcc_s -plugin-opt=-pass-through=-lgcc --sysroot=/ --build-id --eh-frame-hdr -m elf_i386 --hash-style=gnu --as-needed -export-dynamic -dynamic-linker /lib/ld-linux.so.2 -z relro -o cmTryCompileExec3475258866 /usr/lib/gcc/i686-linux-gnu/4.9/../../../i386-linux-gnu/crt1.o /usr/lib/gcc/i686-linux-gnu/4.9/../../../i386-linux-gnu/crti.o /usr/lib/gcc/i686-linux-gnu/4.9/crtbegin.o -L/usr/lib/gcc/i686-linux-gnu/4.9 -L/usr/lib/gcc/i686-linux-gnu/4.9/../../../i386-linux-gnu -L/usr/lib/gcc/i686-linux-gnu/4.9/../../../../lib -L/lib/i386-linux-gnu -L/lib/../lib -L/usr/lib/i386-linux-gnu -L/usr/lib/../lib -L/usr/lib/gcc/i686-linux-gnu/4.9/../../.. CMakeFiles/cmTryCompileExec3475258866.dir/CMakeCXXCompilerABI.cpp.o -lstdc++ -lm -lgcc_s -lgcc -lc -lgcc_s -lgcc /usr/lib/gcc/i686-linux-gnu/4.9/crtend.o /usr/lib/gcc/i686-linux-gnu/4.9/../../../i386-linux-gnu/crtn.o]
    arg [/usr/lib/gcc/i686-linux-gnu/4.9/collect2] ==> ignore
    arg [-plugin] ==> ignore
    arg [/usr/lib/gcc/i686-linux-gnu/4.9/liblto_plugin.so] ==> ignore
    arg [-plugin-opt=/usr/lib/gcc/i686-linux-gnu/4.9/lto-wrapper] ==> ignore
    arg [-plugin-opt=-fresolution=/tmp/ccLmDkCB.res] ==> ignore
    arg [-plugin-opt=-pass-through=-lgcc_s] ==> ignore
    arg [-plugin-opt=-pass-through=-lgcc] ==> ignore
    arg [-plugin-opt=-pass-through=-lc] ==> ignore
    arg [-plugin-opt=-pass-through=-lgcc_s] ==> ignore
    arg [-plugin-opt=-pass-through=-lgcc] ==> ignore
    arg [--sysroot=/] ==> ignore
    arg [--build-id] ==> ignore
    arg [--eh-frame-hdr] ==> ignore
    arg [-m] ==> ignore
    arg [elf_i386] ==> ignore
    arg [--hash-style=gnu] ==> ignore
    arg [--as-needed] ==> ignore
    arg [-export-dynamic] ==> ignore
    arg [-dynamic-linker] ==> ignore
    arg [/lib/ld-linux.so.2] ==> ignore
    arg [-zrelro] ==> ignore
    arg [-o] ==> ignore
    arg [cmTryCompileExec3475258866] ==> ignore
    arg [/usr/lib/gcc/i686-linux-gnu/4.9/../../../i386-linux-gnu/crt1.o] ==> ignore
    arg [/usr/lib/gcc/i686-linux-gnu/4.9/../../../i386-linux-gnu/crti.o] ==> ignore
    arg [/usr/lib/gcc/i686-linux-gnu/4.9/crtbegin.o] ==> ignore
    arg [-L/usr/lib/gcc/i686-linux-gnu/4.9] ==> dir [/usr/lib/gcc/i686-linux-gnu/4.9]
    arg [-L/usr/lib/gcc/i686-linux-gnu/4.9/../../../i386-linux-gnu] ==> dir [/usr/lib/gcc/i686-linux-gnu/4.9/../../../i386-linux-gnu]
    arg [-L/usr/lib/gcc/i686-linux-gnu/4.9/../../../../lib] ==> dir [/usr/lib/gcc/i686-linux-gnu/4.9/../../../../lib]
    arg [-L/lib/i386-linux-gnu] ==> dir [/lib/i386-linux-gnu]
    arg [-L/lib/../lib] ==> dir [/lib/../lib]
    arg [-L/usr/lib/i386-linux-gnu] ==> dir [/usr/lib/i386-linux-gnu]
    arg [-L/usr/lib/../lib] ==> dir [/usr/lib/../lib]
    arg [-L/usr/lib/gcc/i686-linux-gnu/4.9/../../..] ==> dir [/usr/lib/gcc/i686-linux-gnu/4.9/../../..]
    arg [CMakeFiles/cmTryCompileExec3475258866.dir/CMakeCXXCompilerABI.cpp.o] ==> ignore
    arg [-lstdc++] ==> lib [stdc++]
    arg [-lm] ==> lib [m]
    arg [-lgcc_s] ==> lib [gcc_s]
    arg [-lgcc] ==> lib [gcc]
    arg [-lc] ==> lib [c]
    arg [-lgcc_s] ==> lib [gcc_s]
    arg [-lgcc] ==> lib [gcc]
    arg [/usr/lib/gcc/i686-linux-gnu/4.9/crtend.o] ==> ignore
    arg [/usr/lib/gcc/i686-linux-gnu/4.9/../../../i386-linux-gnu/crtn.o] ==> ignore
  remove lib [gcc_s]
  remove lib [gcc]
  remove lib [gcc_s]
  remove lib [gcc]
  collapse library dir [/usr/lib/gcc/i686-linux-gnu/4.9] ==> [/usr/lib/gcc/i686-linux-gnu/4.9]
  collapse library dir [/usr/lib/gcc/i686-linux-gnu/4.9/../../../i386-linux-gnu] ==> [/usr/lib/i386-linux-gnu]
  collapse library dir [/usr/lib/gcc/i686-linux-gnu/4.9/../../../../lib] ==> [/usr/lib]
  collapse library dir [/lib/i386-linux-gnu] ==> [/lib/i386-linux-gnu]
  collapse library dir [/lib/../lib] ==> [/lib]
  collapse library dir [/usr/lib/i386-linux-gnu] ==> [/usr/lib/i386-linux-gnu]
  collapse library dir [/usr/lib/../lib] ==> [/usr/lib]
  collapse library dir [/usr/lib/gcc/i686-linux-gnu/4.9/../../..] ==> [/usr/lib]
  implicit libs: [stdc++;m;c]
  implicit dirs: [/usr/lib/gcc/i686-linux-gnu/4.9;/usr/lib/i386-linux-gnu;/usr/lib;/lib/i386-linux-gnu;/lib]
  implicit fwks: []


Determining if files pthread.h exist passed with the following output:
Change Dir: /home/chengque/catkin_ws/build_isolated/libmavconn/CMakeFiles/CMakeTmp

Run Build Command:"/usr/bin/make" "cmTryCompileExec3909436642/fast"
/usr/bin/make -f CMakeFiles/cmTryCompileExec3909436642.dir/build.make CMakeFiles/cmTryCompileExec3909436642.dir/build
make[1]: Entering directory '/home/chengque/catkin_ws/build_isolated/libmavconn/CMakeFiles/CMakeTmp'
/usr/bin/cmake -E cmake_progress_report /home/chengque/catkin_ws/build_isolated/libmavconn/CMakeFiles/CMakeTmp/CMakeFiles 1
Building C object CMakeFiles/cmTryCompileExec3909436642.dir/CheckIncludeFiles.c.o
/usr/bin/cc    -o CMakeFiles/cmTryCompileExec3909436642.dir/CheckIncludeFiles.c.o   -c /home/chengque/catkin_ws/build_isolated/libmavconn/CMakeFiles/CMakeTmp/CheckIncludeFiles.c
Linking C executable cmTryCompileExec3909436642
/usr/bin/cmake -E cmake_link_script CMakeFiles/cmTryCompileExec3909436642.dir/link.txt --verbose=1
/usr/bin/cc       CMakeFiles/cmTryCompileExec3909436642.dir/CheckIncludeFiles.c.o  -o cmTryCompileExec3909436642 -rdynamic 
make[1]: Leaving directory '/home/chengque/catkin_ws/build_isolated/libmavconn/CMakeFiles/CMakeTmp'


Determining if the function pthread_create exists in the pthread passed with the following output:
Change Dir: /home/chengque/catkin_ws/build_isolated/libmavconn/CMakeFiles/CMakeTmp

Run Build Command:"/usr/bin/make" "cmTryCompileExec3148948490/fast"
/usr/bin/make -f CMakeFiles/cmTryCompileExec3148948490.dir/build.make CMakeFiles/cmTryCompileExec3148948490.dir/build
make[1]: Entering directory '/home/chengque/catkin_ws/build_isolated/libmavconn/CMakeFiles/CMakeTmp'
/usr/bin/cmake -E cmake_progress_report /home/chengque/catkin_ws/build_isolated/libmavconn/CMakeFiles/CMakeTmp/CMakeFiles 1
Building C object CMakeFiles/cmTryCompileExec3148948490.dir/CheckFunctionExists.c.o
/usr/bin/cc   -DCHECK_FUNCTION_EXISTS=pthread_create   -o CMakeFiles/cmTryCompileExec3148948490.dir/CheckFunctionExists.c.o   -c /usr/share/cmake-3.0/Modules/CheckFunctionExists.c
Linking C executable cmTryCompileExec3148948490
/usr/bin/cmake -E cmake_link_script CMakeFiles/cmTryCompileExec3148948490.dir/link.txt --verbose=1
/usr/bin/cc   -DCHECK_FUNCTION_EXISTS=pthread_create    CMakeFiles/cmTryCompileExec3148948490.dir/CheckFunctionExists.c.o  -o cmTryCompileExec3148948490 -rdynamic -lpthread 
make[1]: Leaving directory '/home/chengque/catkin_ws/build_isolated/libmavconn/CMakeFiles/CMakeTmp'


Performing C++ SOURCE FILE Test COMPILER_SUPPORTS_STD_CXX11 succeded with the following output:
Change Dir: /home/chengque/catkin_ws/build_isolated/libmavconn/CMakeFiles/CMakeTmp

Run Build Command:"/usr/bin/make" "cmTryCompileExec2075617395/fast"
/usr/bin/make -f CMakeFiles/cmTryCompileExec2075617395.dir/build.make CMakeFiles/cmTryCompileExec2075617395.dir/build
make[1]: Entering directory '/home/chengque/catkin_ws/build_isolated/libmavconn/CMakeFiles/CMakeTmp'
/usr/bin/cmake -E cmake_progress_report /home/chengque/catkin_ws/build_isolated/libmavconn/CMakeFiles/CMakeTmp/CMakeFiles 1
Building CXX object CMakeFiles/cmTryCompileExec2075617395.dir/src.cxx.o
/usr/bin/c++    -DCOMPILER_SUPPORTS_STD_CXX11   -std=c++11 -o CMakeFiles/cmTryCompileExec2075617395.dir/src.cxx.o -c /home/chengque/catkin_ws/build_isolated/libmavconn/CMakeFiles/CMakeTmp/src.cxx
Linking CXX executable cmTryCompileExec2075617395
/usr/bin/cmake -E cmake_link_script CMakeFiles/cmTryCompileExec2075617395.dir/link.txt --verbose=1
/usr/bin/c++    -DCOMPILER_SUPPORTS_STD_CXX11    CMakeFiles/cmTryCompileExec2075617395.dir/src.cxx.o  -o cmTryCompileExec2075617395 -rdynamic 
make[1]: Leaving directory '/home/chengque/catkin_ws/build_isolated/libmavconn/CMakeFiles/CMakeTmp'

Source file was:
int main() { return 0; }
